
> design-system@1.0.1 build
> next build

   Creating an optimized production build...
 ✓ Compiled successfully
   Linting and checking validity of types...
Failed to compile.

./components/tooltip/tooltip.stories.tsx:15:5
Type error: Type '{ style: { control: string; options: string[]; description: string; table: { defaultValue: { summary: string; }; type: { summary: null; }; }; }; side: { control: string; options: string[]; description: string; table: { ...; }; }; }' is not assignable to type 'Partial<ArgTypes<TooltipProps>>'.
  Object literal may only specify known properties, and 'style' does not exist in type 'Partial<ArgTypes<TooltipProps>>'.

[0m [90m 13 | [39m  tags[33m:[39m [[32m'autodocs'[39m][33m,[39m[0m
[0m [90m 14 | [39m  argTypes[33m:[39m {[0m
[0m[31m[1m>[22m[39m[90m 15 | [39m    style[33m:[39m {[0m
[0m [90m    | [39m    [31m[1m^[22m[39m[0m
[0m [90m 16 | [39m      control[33m:[39m [32m'radio'[39m[33m,[39m[0m
[0m [90m 17 | [39m      options[33m:[39m [[32m'outline'[39m[33m,[39m [32m'fill'[39m][33m,[39m[0m
[0m [90m 18 | [39m      description[33m:[39m[0m
npm ERR! Lifecycle script `build` failed with error: 
npm ERR! Error: command failed 
npm ERR!   in workspace: design-system@1.0.1 
npm ERR!   at location: /Users/kkratter/Desktop/kkratter/Al dente/fusillo-design-system/design-system 
