
Chromatic CLI v7.5.4
https://www.chromatic.com/docs/cli

Authenticating with Chromatic
    → Connecting to https://index.chromatic.com
Authenticated with Chromatic
    → Using project token '****************3d30'
Retrieving git information
Retrieved git information
    → Commit '4cbeb6c' on branch 'main'; found 1 parent build
Collecting Storybook metadata
Collected Storybook metadata
    → Storybook 7.5.0 for React; no supported addons found
Initializing build
Initialized build
    → Build 6 initialized
Building your Storybook
    → Running command: npm run build-storybook -- --output-dir /var/folders/77/q1qhrg853n94d1hzfc35t6nc0000gn/T/chromatic--4060-UaXM42U2R83N
Storybook built in 20 seconds
    → View build log at /Users/kkratter/Desktop/kkratter/Al dente/fusillo-design-system/design-system/build-storybook.log
Publish your built Storybook
    → Validating Storybook files
Publishing your built Storybook
    → Retrieving target location
    → Starting publish
    → [                    ] 1%
    → [==                  ] 8%
    → [==                  ] 11%
    → [===                 ] 14%
    → [===                 ] 17%
    → [====                ] 18%
    → [====                ] 20%
    → [=====               ] 23%
    → [=====               ] 26%
    → [=====               ] 27%
    → [======              ] 28%
    → [======              ] 31%
    → [=======             ] 33%
    → [=======             ] 34%
    → [=======             ] 37%
    → [========            ] 40%
    → [========            ] 42%
    → [=========           ] 44%
    → [=========           ] 45%
    → [==========          ] 48%
    → [==========          ] 49%
    → [==========          ] 51%
    → [==========          ] 52%
    → [===========         ] 53%
    → [===========         ] 54%
    → [===========         ] 55%
    → [===========         ] 56%
    → [===========         ] 57%
    → [============        ] 58%
    → [============        ] 59%
    → [============        ] 60%
    → [============        ] 61%
    → [============        ] 62%
    → [=============       ] 63%
    → [=============       ] 64%
    → [=============       ] 65%
    → [=============       ] 67%
    → [==============      ] 68%
    → [==============      ] 69%
    → [==============      ] 72%
    → [===============     ] 73%
    → [===============     ] 74%
    → [===============     ] 77%
    → [================    ] 78%
    → [================    ] 79%
    → [================    ] 80%
    → [================    ] 81%
    → [=================   ] 83%
    → [=================   ] 85%
    → [=================   ] 86%
    → [==================  ] 89%
    → [==================  ] 90%
    → [==================  ] 92%
    → [=================== ] 94%
    → [=================== ] 95%
    → [=================== ] 97%
    → [====================] 98%
    → [====================] 100%
Publish complete in 17 seconds
    → View your Storybook at https://653e613f4feb85c1b6467ba7-zwrxuvdcgs.chromatic.com
Verifying your Storybook
    → This may take a few minutes
Started build 6
    → View build details at https://www.chromatic.com/build?appId=653e613f4feb85c1b6467ba7&number=6
Running 11 tests
    → This may take a few minutes
ℹ Speed up Continuous Integration
Your project is linked to GitHub so Chromatic will report results there.
This means you can pass the --exit-once-uploaded flag to skip waiting for build results.
Read more here: https://www.chromatic.com/docs/cli#chromatic-options
    → [==                  ] 1/11  Accordion › Default 
    → [====                ] 2/11  Accordion › Expanded by default 
    → [=======             ] 4/11  Alert › Default 
    → [===========         ] 6/11  Badge › Default 
    → [===============     ] 8/11  Button › Default 
    → [==================  ] 10/11  Button › Outline 
✖ Found 1 visual change: Review the changes at https://www.chromatic.com/build?appId=653e613f4feb85c1b6467ba7&number=6

ℹ For CI/CD use cases, this command failed with exit code 1
Pass --exit-zero-on-changes to succeed this command regardless of changes.
Pass --auto-accept-changes to succeed and automatically accept any changes.
